<?xml version="1.0" encoding="UTF-8"?>
<!-- Generated by org.testng.reporters.JUnitXMLReporter -->
<testsuite hostname="DESKTOP-QI2AJBB" ignored="0" name="Test-method test" tests="1" failures="0" timestamp="12 Aug 2018 12:32:40 GMT" time="0.041" errors="0">
  <testcase name="looping" time="0.008" classname="loopCondition.Loop_Condition"/>
</testsuite> <!-- Test-method test -->
