<?xml version="1.0" encoding="UTF-8"?>
<!-- Generated by org.testng.reporters.JUnitReportReporter -->
<testsuite skipped="0" hostname="DESKTOP-QI2AJBB" name="loopCondition.Loop_Condition" tests="1" failures="0" timestamp="12 Aug 2018 12:32:40 GMT" time="0.008" errors="0">
  <testcase name="looping" time="0.008" classname="loopCondition.Loop_Condition"/>
</testsuite> <!-- loopCondition.Loop_Condition -->
